<?xml version="1.0" encoding="UTF-8"?>
<testsuite name="com.weighttrack.core.math.AnalyticsTest" tests="9" skipped="0" failures="0" errors="0" timestamp="2026-08-29T11:24:48.882Z" hostname="DESKTOP-VKVTAS0" time="0.037">
  <properties/>
  <testcase name="a streak counts back from the most recent day" classname="com.weighttrack.core.math.AnalyticsTest" time="0.019"/>
  <testcase name="a weekday that reads heavy shows a positive deviation" classname="com.weighttrack.core.math.AnalyticsTest" time="0.003"/>
  <testcase name="each bar covers seven days of the trend" classname="com.weighttrack.core.math.AnalyticsTest" time="0.008"/>
  <testcase name="weekly changes are capped at the requested count" classname="com.weighttrack.core.math.AnalyticsTest" time="0.0"/>
  <testcase name="consistency counts the days that carried a reading" classname="com.weighttrack.core.math.AnalyticsTest" time="0.001"/>
  <testcase name="a gap today means no streak" classname="com.weighttrack.core.math.AnalyticsTest" time="0.0"/>
  <testcase name="weekly changes read oldest first and end on the latest day" classname="com.weighttrack.core.math.AnalyticsTest" time="0.0"/>
  <testcase name="a weekday with too few readings is left out rather than guessed at" classname="com.weighttrack.core.math.AnalyticsTest" time="0.0"/>
  <testcase name="weekly changes need at least eight days" classname="com.weighttrack.core.math.AnalyticsTest" time="0.001"/>
  <system-out><![CDATA[]]></system-out>
  <system-err><![CDATA[]]></system-err>
</testsuite>
