<?xml version="1.0" encoding="UTF-8"?>
<testsuite name="com.weighttrack.core.math.MilestonesTest" tests="15" skipped="0" failures="0" errors="0" timestamp="2026-08-29T10:15:10.927Z" hostname="DESKTOP-VKVTAS0" time="0.012">
  <properties/>
  <testcase name="percent steps divide the span" classname="com.weighttrack.core.math.MilestonesTest" time="0.001"/>
  <testcase name="remaining distance to the next milestone is a positive magnitude" classname="com.weighttrack.core.math.MilestonesTest" time="0.0"/>
  <testcase name="milestones step down from the start toward the target" classname="com.weighttrack.core.math.MilestonesTest" time="0.001"/>
  <testcase name="a span shorter than one step is still just the target" classname="com.weighttrack.core.math.MilestonesTest" time="0.0"/>
  <testcase name="a nonsensical step produces no milestones rather than hanging" classname="com.weighttrack.core.math.MilestonesTest" time="0.0"/>
  <testcase name="a milestone comfortably short of the target is kept" classname="com.weighttrack.core.math.MilestonesTest" time="0.001"/>
  <testcase name="the target is always the final milestone even on an uneven span" classname="com.weighttrack.core.math.MilestonesTest" time="0.0"/>
  <testcase name="no span means no milestones" classname="com.weighttrack.core.math.MilestonesTest" time="0.0"/>
  <testcase name="crowding removal also applies to gain goals" classname="com.weighttrack.core.math.MilestonesTest" time="0.0"/>
  <testcase name="a milestone that lands almost on the target is dropped" classname="com.weighttrack.core.math.MilestonesTest" time="0.0"/>
  <testcase name="a single heavy weigh-in does not award a milestone the trend has not reached" classname="com.weighttrack.core.math.MilestonesTest" time="0.008"/>
  <testcase name="progress stamps the day the trend first crossed each milestone" classname="com.weighttrack.core.math.MilestonesTest" time="0.0"/>
  <testcase name="a milestone the trend never reached stays unreached" classname="com.weighttrack.core.math.MilestonesTest" time="0.0"/>
  <testcase name="gain goals step upward" classname="com.weighttrack.core.math.MilestonesTest" time="0.0"/>
  <testcase name="default step is a round number in the chosen unit" classname="com.weighttrack.core.math.MilestonesTest" time="0.0"/>
  <system-out><![CDATA[]]></system-out>
  <system-err><![CDATA[]]></system-err>
</testsuite>
